<?xml version="1.0" encoding="UTF-8"?>
<!-- Generated by org.testng.reporters.JUnitReportReporter -->
<testsuite skipped="0" hostname="DESKTOP-05ECBNF" name="com.qait.TestNGProject.Class2" tests="2" failures="0" timestamp="20 Feb 2020 06:31:19 GMT" time="0.021" errors="0">
  <testcase name="firstTestCase" time="0.017" classname="com.qait.TestNGProject.Class2"/>
  <testcase name="secondTestCase" time="0.004" classname="com.qait.TestNGProject.Class2"/>
</testsuite> <!-- com.qait.TestNGProject.Class2 -->
