<?xml version="1.0" encoding="UTF-8"?>
<!-- Generated by org.testng.reporters.JUnitReportReporter -->
<testsuite skipped="0" hostname="DESKTOP-05ECBNF" name="com.qait.TestNGProject.Classone" tests="2" failures="0" timestamp="20 Feb 2020 06:21:03 GMT" time="0.001" errors="0">
  <testcase name="firstTestCase" time="0.001" classname="com.qait.TestNGProject.Classone"/>
  <testcase name="secondTestCase" time="0.000" classname="com.qait.TestNGProject.Classone"/>
</testsuite> <!-- com.qait.TestNGProject.Classone -->
